# JRE version: OpenJDK Runtime Environment (8.0_302-b08) (build 1.8.0_302-b08)
# Java VM: OpenJDK 64-Bit Server VM (25.302-b08 mixed mode windows-amd64 compressed oops)
Heap:
 PSYoungGen      total 109568K, used 95633K [0x00000000f5580000, 0x00000000ff480000, 0x0000000100000000)
  eden space 96768K, 90% used [0x00000000f5580000,0x00000000fab64190,0x00000000fb400000)
  from space 12800K, 60% used [0x00000000fb400000,0x00000000fbb80398,0x00000000fc080000)
  to   space 12288K, 0% used [0x00000000fe880000,0x00000000fe880000,0x00000000ff480000)
 ParOldGen       total 175104K, used 17990K [0x00000000e0000000, 0x00000000eab00000, 0x00000000f5580000)
  object space 175104K, 10% used [0x00000000e0000000,0x00000000e1191ba0,0x00000000eab00000)
 Metaspace       used 41379K, capacity 43224K, committed 43520K, reserved 1087488K
  class space    used 5688K, capacity 6114K, committed 6144K, reserved 1048576K
GC Heap History (10 events):
Event: 3.702 GC heap before
{Heap before GC invocations=5 (full 1):
 PSYoungGen      total 76288K, used 8737K [0x00000000f5580000, 0x00000000fea80000, 0x0000000100000000)
  eden space 65536K, 0% used [0x00000000f5580000,0x00000000f5580000,0x00000000f9580000)
  from space 10752K, 81% used [0x00000000fa000000,0x00000000fa8887a8,0x00000000faa80000)
  to   space 10752K, 0% used [0x00000000f9580000,0x00000000f9580000,0x00000000fa000000)
 ParOldGen       total 175104K, used 560K [0x00000000e0000000, 0x00000000eab00000, 0x00000000f5580000)
  object space 175104K, 0% used [0x00000000e0000000,0x00000000e008c368,0x00000000eab00000)
 Metaspace       used 20507K, capacity 21190K, committed 21296K, reserved 1067008K
  class space    used 3032K, capacity 3199K, committed 3200K, reserved 1048576K
Event: 3.738 GC heap after
Heap after GC invocations=5 (full 1):
 PSYoungGen      total 76288K, used 0K [0x00000000f5580000, 0x00000000fea80000, 0x0000000100000000)
  eden space 65536K, 0% used [0x00000000f5580000,0x00000000f5580000,0x00000000f9580000)
  from space 10752K, 0% used [0x00000000fa000000,0x00000000fa000000,0x00000000faa80000)
  to   space 10752K, 0% used [0x00000000f9580000,0x00000000f9580000,0x00000000fa000000)
 ParOldGen       total 175104K, used 8501K [0x00000000e0000000, 0x00000000eab00000, 0x00000000f5580000)
  object space 175104K, 4% used [0x00000000e0000000,0x00000000e084d738,0x00000000eab00000)
 Metaspace       used 20507K, capacity 21190K, committed 21296K, reserved 1067008K
  class space    used 3032K, capacity 3199K, committed 3200K, reserved 1048576K
}
Event: 4.718 GC heap before
{Heap before GC invocations=6 (full 1):
 PSYoungGen      total 76288K, used 65536K [0x00000000f5580000, 0x00000000fea80000, 0x0000000100000000)
  eden space 65536K, 100% used [0x00000000f5580000,0x00000000f9580000,0x00000000f9580000)
  from space 10752K, 0% used [0x00000000fa000000,0x00000000fa000000,0x00000000faa80000)
  to   space 10752K, 0% used [0x00000000f9580000,0x00000000f9580000,0x00000000fa000000)
 ParOldGen       total 175104K, used 8501K [0x00000000e0000000, 0x00000000eab00000, 0x00000000f5580000)
  object space 175104K, 4% used [0x00000000e0000000,0x00000000e084d738,0x00000000eab00000)
 Metaspace       used 28498K, capacity 29354K, committed 29696K, reserved 1075200K
  class space    used 4087K, capacity 4289K, committed 4352K, reserved 1048576K
Event: 4.723 GC heap after
Heap after GC invocations=6 (full 1):
 PSYoungGen      total 76288K, used 8169K [0x00000000f5580000, 0x00000000fcd00000, 0x0000000100000000)
  eden space 65536K, 0% used [0x00000000f5580000,0x00000000f5580000,0x00000000f9580000)
  from space 10752K, 75% used [0x00000000f9580000,0x00000000f9d7a5e0,0x00000000fa000000)
  to   space 11776K, 0% used [0x00000000fc180000,0x00000000fc180000,0x00000000fcd00000)
 ParOldGen       total 175104K, used 8509K [0x00000000e0000000, 0x00000000eab00000, 0x00000000f5580000)
  object space 175104K, 4% used [0x00000000e0000000,0x00000000e084f738,0x00000000eab00000)
 Metaspace       used 28498K, capacity 29354K, committed 29696K, reserved 1075200K
  class space    used 4087K, capacity 4289K, committed 4352K, reserved 1048576K
}
Event: 12.769 GC heap before
{Heap before GC invocations=7 (full 1):
 PSYoungGen      total 76288K, used 73705K [0x00000000f5580000, 0x00000000fcd00000, 0x0000000100000000)
  eden space 65536K, 100% used [0x00000000f5580000,0x00000000f9580000,0x00000000f9580000)
  from space 10752K, 75% used [0x00000000f9580000,0x00000000f9d7a5e0,0x00000000fa000000)
  to   space 11776K, 0% used [0x00000000fc180000,0x00000000fc180000,0x00000000fcd00000)
 ParOldGen       total 175104K, used 8509K [0x00000000e0000000, 0x00000000eab00000, 0x00000000f5580000)
  object space 175104K, 4% used [0x00000000e0000000,0x00000000e084f738,0x00000000eab00000)
 Metaspace       used 34279K, capacity 35370K, committed 35456K, reserved 1079296K
  class space    used 4716K, capacity 4957K, committed 4992K, reserved 1048576K
Event: 12.785 GC heap after
Heap after GC invocations=7 (full 1):
 PSYoungGen      total 107008K, used 11420K [0x00000000f5580000, 0x00000000fcd00000, 0x0000000100000000)
  eden space 95232K, 0% used [0x00000000f5580000,0x00000000f5580000,0x00000000fb280000)
  from space 11776K, 96% used [0x00000000fc180000,0x00000000fcca7148,0x00000000fcd00000)
  to   space 12800K, 0% used [0x00000000fb400000,0x00000000fb400000,0x00000000fc080000)
 ParOldGen       total 175104K, used 8517K [0x00000000e0000000, 0x00000000eab00000, 0x00000000f5580000)
  object space 175104K, 4% used [0x00000000e0000000,0x00000000e0851738,0x00000000eab00000)
 Metaspace       used 34279K, capacity 35370K, committed 35456K, reserved 1079296K
  class space    used 4716K, capacity 4957K, committed 4992K, reserved 1048576K
}
Event: 12.785 GC heap before
{Heap before GC invocations=8 (full 2):
 PSYoungGen      total 107008K, used 11420K [0x00000000f5580000, 0x00000000fcd00000, 0x0000000100000000)
  eden space 95232K, 0% used [0x00000000f5580000,0x00000000f5580000,0x00000000fb280000)
  from space 11776K, 96% used [0x00000000fc180000,0x00000000fcca7148,0x00000000fcd00000)
  to   space 12800K, 0% used [0x00000000fb400000,0x00000000fb400000,0x00000000fc080000)
 ParOldGen       total 175104K, used 8517K [0x00000000e0000000, 0x00000000eab00000, 0x00000000f5580000)
  object space 175104K, 4% used [0x00000000e0000000,0x00000000e0851738,0x00000000eab00000)
 Metaspace       used 34279K, capacity 35370K, committed 35456K, reserved 1079296K
  class space    used 4716K, capacity 4957K, committed 4992K, reserved 1048576K
Event: 12.856 GC heap after
Heap after GC invocations=8 (full 2):
 PSYoungGen      total 107008K, used 0K [0x00000000f5580000, 0x00000000fcd00000, 0x0000000100000000)
  eden space 95232K, 0% used [0x00000000f5580000,0x00000000f5580000,0x00000000fb280000)
  from space 11776K, 0% used [0x00000000fc180000,0x00000000fc180000,0x00000000fcd00000)
  to   space 12800K, 0% used [0x00000000fb400000,0x00000000fb400000,0x00000000fc080000)
 ParOldGen       total 175104K, used 17982K [0x00000000e0000000, 0x00000000eab00000, 0x00000000f5580000)
  object space 175104K, 10% used [0x00000000e0000000,0x00000000e118fba0,0x00000000eab00000)
 Metaspace       used 34275K, capacity 35364K, committed 35456K, reserved 1079296K
  class space    used 4715K, capacity 4955K, committed 4992K, reserved 1048576K
}
Event: 14.404 GC heap before
{Heap before GC invocations=9 (full 2):
 PSYoungGen      total 107008K, used 95232K [0x00000000f5580000, 0x00000000fcd00000, 0x0000000100000000)
  eden space 95232K, 100% used [0x00000000f5580000,0x00000000fb280000,0x00000000fb280000)
  from space 11776K, 0% used [0x00000000fc180000,0x00000000fc180000,0x00000000fcd00000)
  to   space 12800K, 0% used [0x00000000fb400000,0x00000000fb400000,0x00000000fc080000)
 ParOldGen       total 175104K, used 17982K [0x00000000e0000000, 0x00000000eab00000, 0x00000000f5580000)
  object space 175104K, 10% used [0x00000000e0000000,0x00000000e118fba0,0x00000000eab00000)
 Metaspace       used 39332K, capacity 40768K, committed 40960K, reserved 1085440K
  class space    used 5425K, capacity 5796K, committed 5888K, reserved 1048576K
Event: 14.414 GC heap after
Heap after GC invocations=9 (full 2):
 PSYoungGen      total 109568K, used 7680K [0x00000000f5580000, 0x00000000ff480000, 0x0000000100000000)
  eden space 96768K, 0% used [0x00000000f5580000,0x00000000f5580000,0x00000000fb400000)
  from space 12800K, 60% used [0x00000000fb400000,0x00000000fbb80398,0x00000000fc080000)
  to   space 12288K, 0% used [0x00000000fe880000,0x00000000fe880000,0x00000000ff480000)
 ParOldGen       total 175104K, used 17990K [0x00000000e0000000, 0x00000000eab00000, 0x00000000f5580000)
  object space 175104K, 10% used [0x00000000e0000000,0x00000000e1191ba0,0x00000000eab00000)
 Metaspace       used 39332K, capacity 40768K, committed 40960K, reserved 1085440K
  class space    used 5425K, capacity 5796K, committed 5888K, reserved 1048576K
}

